<?xml version="1.0" encoding="UTF-8"?>
<!-- Generated by org.testng.reporters.JUnitXMLReporter -->
<testsuite ignored="0" hostname="MSI" failures="0" tests="2" name="CreateDeiveryBoyTest" time="13.438" errors="0" timestamp="2024-05-20T16:51:26 BST">
  <testcase classname="com.supermarket.test.ManageDeliveryBoyTest" name="verifyUserCanCreateDeliveryBoy" time="4.247"/>
  <testcase classname="com.supermarket.test.ManageDeliveryBoyTest" name="verifyUserCanDeleteDeliveryBoy" time="1.671"/>
</testsuite> <!-- CreateDeiveryBoyTest -->
