<?xml version="1.0" encoding="UTF-8"?>
<!-- Generated by org.testng.reporters.JUnitXMLReporter -->
<testsuite ignored="0" hostname="MSI" failures="0" tests="2" name="CreateNewsTest" time="12.529" errors="0" timestamp="2024-05-20T16:51:25 BST">
  <testcase classname="com.supermarket.test.ManageNewsPageTest" name="verifyUserCanCreateNews" time="3.243"/>
  <testcase classname="com.supermarket.test.ManageNewsPageTest" name="verifyUserCanDeleteNews" time="2.083"/>
</testsuite> <!-- CreateNewsTest -->
