<?xml version="1.0" encoding="UTF-8"?>
<!-- Generated by org.testng.reporters.JUnitXMLReporter -->
<testsuite ignored="0" hostname="MSI" failures="0" tests="2" name="CreateDeiveryBoyTest" time="15.117" errors="0" timestamp="2024-05-19T23:16:42 BST">
  <testcase classname="com.supermarket.test.ManageDeliveryBoyTest" name="verifyUserCanCreateDeliveryBoy" time="4.384"/>
  <testcase classname="com.supermarket.test.ManageDeliveryBoyTest" name="verifyUserCanDeleteDeliveryBoy" time="2.246"/>
</testsuite> <!-- CreateDeiveryBoyTest -->
