<?xml version="1.0" encoding="UTF-8"?>
<!-- Generated by org.testng.reporters.JUnitXMLReporter -->
<testsuite ignored="0" hostname="MSI" failures="0" tests="2" name="CreateNewsTest" time="13.771" errors="0" timestamp="2024-05-22T07:30:37 BST">
  <testcase classname="com.supermarket.test.ManageNewsPageTest" name="verifyUserCanCreateNews" time="3.67"/>
  <testcase classname="com.supermarket.test.ManageNewsPageTest" name="verifyUserCanDeleteNews" time="2.364"/>
</testsuite> <!-- CreateNewsTest -->
