<?xml version="1.0" encoding="UTF-8"?>
<!-- Generated by org.testng.reporters.JUnitXMLReporter -->
<testsuite ignored="0" hostname="MSI" failures="0" tests="2" name="deleteDeliveryBoy" time="11.074" errors="0" timestamp="2024-05-19T15:27:41 BST">
  <testcase classname="com.supermarket.test.ManageDeliveryBoyTest" name="verifyUserCanCreateDeliveryBoy" time="3.45"/>
  <testcase classname="com.supermarket.test.ManageDeliveryBoyTest" name="verifyUserCanDeleteDeliveryBoy" time="1.57"/>
</testsuite> <!-- deleteDeliveryBoy -->
