<?xml version="1.0" encoding="UTF-8"?>
<!-- Generated by org.testng.reporters.JUnitXMLReporter -->
<testsuite ignored="0" hostname="MSI" failures="0" tests="2" name="ManageSettingsTest" time="16.808" errors="0" timestamp="2024-05-20T16:51:35 BST">
  <testcase classname="com.supermarket.test.ManageSettingsTest" name="createManageMenu" time="6.392"/>
  <testcase classname="com.supermarket.test.ManageSettingsTest" name="verifyUserCanDeleteMenu" time="3.885"/>
</testsuite> <!-- ManageSettingsTest -->
