<?xml version="1.0" encoding="UTF-8"?>
<!-- Generated by org.testng.reporters.JUnitXMLReporter -->
<testsuite ignored="0" hostname="MSI" failures="0" tests="2" name="CreateNewsTest" time="15.596" errors="0" timestamp="2024-05-21T20:29:46 BST">
  <testcase classname="com.supermarket.test.ManageNewsPageTest" name="verifyUserCanCreateNews" time="4.275"/>
  <testcase classname="com.supermarket.test.ManageNewsPageTest" name="verifyUserCanDeleteNews" time="2.929"/>
</testsuite> <!-- CreateNewsTest -->
