<?xml version="1.0" encoding="UTF-8"?>
<!-- Generated by org.testng.reporters.JUnitXMLReporter -->
<testsuite ignored="0" hostname="MSI" failures="0" tests="2" name="ManageListLocationsTest" time="10.742" errors="0" timestamp="2024-05-20T22:18:45 BST">
  <testcase classname="com.supermarket.test.ManageListLocationsTest" name="verifyUserCanCreateListLocation" time="2.544"/>
  <testcase classname="com.supermarket.test.ManageListLocationsTest" name="verifyUserCanDeleteListLocation" time="1.728"/>
</testsuite> <!-- ManageListLocationsTest -->
