<?xml version="1.0" encoding="UTF-8"?>
<!-- Generated by org.testng.reporters.JUnitXMLReporter -->
<testsuite ignored="0" hostname="MSI" failures="0" tests="2" name="ManageSettingsTest" time="21.38" errors="0" timestamp="2024-05-21T20:29:52 BST">
  <testcase classname="com.supermarket.test.ManageSettingsTest" name="createManageMenu" time="8.081"/>
  <testcase classname="com.supermarket.test.ManageSettingsTest" name="verifyUserCanDeleteMenu" time="5.096"/>
</testsuite> <!-- ManageSettingsTest -->
