<?xml version="1.0" encoding="UTF-8"?>
<!-- Generated by org.testng.reporters.JUnitXMLReporter -->
<testsuite ignored="0" hostname="MSI" failures="0" tests="2" name="ManageNewsPageTest" time="11.062" errors="0" timestamp="2024-05-20T22:19:07 BST">
  <testcase classname="com.supermarket.test.ManageNewsPageTest" name="verifyUserCanCreateNews" time="2.693"/>
  <testcase classname="com.supermarket.test.ManageNewsPageTest" name="verifyUserCanDeleteNews" time="2.398"/>
</testsuite> <!-- ManageNewsPageTest -->
