<?xml version="1.0" encoding="UTF-8"?>
<!-- Generated by org.testng.reporters.JUnitXMLReporter -->
<testsuite ignored="6" hostname="MSI" failures="0" tests="2" name="Test" time="14.738" errors="0" timestamp="2024-05-18T15:18:27 BST">
  <testcase classname="com.supermarket.test.ManageDeliveryBoyTest" name="verifyUserCanCreateDeliveryBoy" time="5.291"/>
  <testcase classname="com.supermarket.test.LoginTest" name="verifyUserIsAbleToLoginCredentials" time="1.309"/>
  <testcase classname="com.supermarket.test.ManageExpenceCategoryTest" name="verifyUserCanDeleteExpence" time="0.0">
    <ignored/>
  </testcase> <!-- verifyUserCanDeleteExpence -->
  <testcase classname="com.supermarket.test.AddExpenceTest" name="verifyUserIsAbleToCreateExpence" time="0.0">
    <ignored/>
  </testcase> <!-- verifyUserIsAbleToCreateExpence -->
  <testcase classname="com.supermarket.test.ManageSettingsTest" name="createManageMenu" time="0.0">
    <ignored/>
  </testcase> <!-- createManageMenu -->
  <testcase classname="com.supermarket.test.ManageSettingsTest" name="verifyUserCanDeleteMenu" time="0.0">
    <ignored/>
  </testcase> <!-- verifyUserCanDeleteMenu -->
  <testcase classname="com.supermarket.test.ManageNewsPageTest" name="verifyUserCanCreateNews" time="0.0">
    <ignored/>
  </testcase> <!-- verifyUserCanCreateNews -->
  <testcase classname="com.supermarket.test.ManageExpenceCategoryTest" name="verifyUserCanCreateNewExpence" time="0.0">
    <ignored/>
  </testcase> <!-- verifyUserCanCreateNewExpence -->
</testsuite> <!-- Test -->
