<?xml version="1.0" encoding="UTF-8"?>
<!-- Generated by org.testng.reporters.JUnitXMLReporter -->
<testsuite ignored="8" hostname="MSI" failures="0" tests="2" name="Test" time="10.856" errors="0" timestamp="2024-05-20T08:42:40 BST">
  <testcase classname="com.supermarket.test.ManageDeliveryBoyTest" name="verifyUserCanCreateDeliveryBoy" time="3.789"/>
  <testcase classname="com.supermarket.test.LoginTest" name="verifyUserIsAbleToLoginCredentials" time="0.773"/>
  <testcase classname="com.supermarket.test.ManageExpenceCategoryTest" name="verifyUserCanDeleteExpence" time="0.0">
    <ignored/>
  </testcase> <!-- verifyUserCanDeleteExpence -->
  <testcase classname="com.supermarket.test.ManageNewsPageTest" name="verifyUserCanDeleteNews" time="0.0">
    <ignored/>
  </testcase> <!-- verifyUserCanDeleteNews -->
  <testcase classname="com.supermarket.test.AddExpenceTest" name="verifyUserIsAbleToCreateExpence" time="0.0">
    <ignored/>
  </testcase> <!-- verifyUserIsAbleToCreateExpence -->
  <testcase classname="com.supermarket.test.ManageDeliveryBoyTest" name="verifyUserCanDeleteDeliveryBoy" time="0.0">
    <ignored/>
  </testcase> <!-- verifyUserCanDeleteDeliveryBoy -->
  <testcase classname="com.supermarket.test.ManageNewsPageTest" name="verifyUserCanCreateNews" time="0.0">
    <ignored/>
  </testcase> <!-- verifyUserCanCreateNews -->
  <testcase classname="com.supermarket.test.ManageExpenceCategoryTest" name="verifyUserCanCreateNewExpence" time="0.0">
    <ignored/>
  </testcase> <!-- verifyUserCanCreateNewExpence -->
  <testcase classname="com.supermarket.test.ManageSettingsTest" name="verifyUserCanDeleteMenu" time="0.0">
    <ignored/>
  </testcase> <!-- verifyUserCanDeleteMenu -->
  <testcase classname="com.supermarket.test.ManageSettingsTest" name="createManageMenu" time="0.0">
    <ignored/>
  </testcase> <!-- createManageMenu -->
</testsuite> <!-- Test -->
