<?xml version="1.0" encoding="UTF-8"?>
<testng-results ignored="0" total="2" passed="2" failed="0" skipped="0">
  <reporter-output>
  </reporter-output>
  <suite started-at="2024-05-20T08:42:30 BST" name="Suite" finished-at="2024-05-20T08:42:40 BST" duration-ms="10856">
    <groups>
      <group name="Smoke">
        <method signature="LoginTest.verifyUserIsAbleToLoginCredentials()[pri:0, instance:com.supermarket.test.LoginTest@6d763516]" name="verifyUserIsAbleToLoginCredentials" class="com.supermarket.test.LoginTest"/>
        <method signature="ManageDeliveryBoyTest.verifyUserCanCreateDeliveryBoy()[pri:0, instance:com.supermarket.test.ManageDeliveryBoyTest@2a798d51]" name="verifyUserCanCreateDeliveryBoy" class="com.supermarket.test.ManageDeliveryBoyTest"/>
      </group> <!-- Smoke -->
    </groups>
    <test started-at="2024-05-20T08:42:30 BST" name="Test" finished-at="2024-05-20T08:42:40 BST" duration-ms="10856">
      <class name="com.supermarket.test.ManageDeliveryBoyTest">
        <test-method is-config="true" signature="initialiseDriver(java.lang.String)[pri:0, instance:com.supermarket.test.ManageDeliveryBoyTest@2a798d51]" started-at="2024-05-20T08:42:30 BST" name="initialiseDriver" finished-at="2024-05-20T08:42:33 BST" duration-ms="3910" status="PASS">
          <params>
            <param index="0">
              <value is-null="true"/>
            </param>
          </params>
          <reporter-output>
          </reporter-output>
        </test-method> <!-- initialiseDriver -->
        <test-method signature="verifyUserCanCreateDeliveryBoy()[pri:0, instance:com.supermarket.test.ManageDeliveryBoyTest@2a798d51]" started-at="2024-05-20T08:42:33 BST" name="verifyUserCanCreateDeliveryBoy" finished-at="2024-05-20T08:42:37 BST" duration-ms="3789" status="PASS">
          <reporter-output>
          </reporter-output>
        </test-method> <!-- verifyUserCanCreateDeliveryBoy -->
        <test-method is-config="true" signature="tearDOwn()[pri:0, instance:com.supermarket.test.ManageDeliveryBoyTest@2a798d51]" started-at="2024-05-20T08:42:37 BST" name="tearDOwn" finished-at="2024-05-20T08:42:37 BST" duration-ms="138" status="PASS">
          <reporter-output>
          </reporter-output>
        </test-method> <!-- tearDOwn -->
      </class> <!-- com.supermarket.test.ManageDeliveryBoyTest -->
      <class name="com.supermarket.test.LoginTest">
        <test-method is-config="true" signature="initialiseDriver(java.lang.String)[pri:0, instance:com.supermarket.test.LoginTest@6d763516]" started-at="2024-05-20T08:42:37 BST" name="initialiseDriver" finished-at="2024-05-20T08:42:39 BST" duration-ms="2072" status="PASS">
          <params>
            <param index="0">
              <value is-null="true"/>
            </param>
          </params>
          <reporter-output>
          </reporter-output>
        </test-method> <!-- initialiseDriver -->
        <test-method signature="verifyUserIsAbleToLoginCredentials()[pri:0, instance:com.supermarket.test.LoginTest@6d763516]" started-at="2024-05-20T08:42:39 BST" name="verifyUserIsAbleToLoginCredentials" finished-at="2024-05-20T08:42:40 BST" duration-ms="773" status="PASS">
          <reporter-output>
          </reporter-output>
        </test-method> <!-- verifyUserIsAbleToLoginCredentials -->
        <test-method is-config="true" signature="tearDOwn()[pri:0, instance:com.supermarket.test.LoginTest@6d763516]" started-at="2024-05-20T08:42:40 BST" name="tearDOwn" finished-at="2024-05-20T08:42:40 BST" duration-ms="139" status="PASS">
          <reporter-output>
          </reporter-output>
        </test-method> <!-- tearDOwn -->
      </class> <!-- com.supermarket.test.LoginTest -->
    </test> <!-- Test -->
  </suite> <!-- Suite -->
</testng-results>
