<?xml version="1.0" encoding="UTF-8"?>
<testng-results ignored="0" total="1" passed="1" failed="0" skipped="0">
  <reporter-output>
  </reporter-output>
  <suite started-at="2024-05-20T21:39:35 BST" name="Default suite" finished-at="2024-05-20T21:39:41 BST" duration-ms="6425">
    <groups>
    </groups>
    <test started-at="2024-05-20T21:39:35 BST" name="Default test" finished-at="2024-05-20T21:39:41 BST" duration-ms="6425">
      <class name="com.supermarket.test.ManageSliderTest">
        <test-method is-config="true" signature="initialiseDriver(java.lang.String)[pri:0, instance:com.supermarket.test.ManageSliderTest@7b2bbc3]" started-at="2024-05-20T21:39:35 BST" name="initialiseDriver" finished-at="2024-05-20T21:39:38 BST" duration-ms="3274" status="PASS">
          <params>
            <param index="0">
              <value is-null="true"/>
            </param>
          </params>
          <reporter-output>
          </reporter-output>
        </test-method> <!-- initialiseDriver -->
        <test-method signature="VerifyUserCanEditSlider()[pri:0, instance:com.supermarket.test.ManageSliderTest@7b2bbc3]" started-at="2024-05-20T21:39:38 BST" name="VerifyUserCanEditSlider" finished-at="2024-05-20T21:39:41 BST" duration-ms="3131" status="PASS">
          <reporter-output>
          </reporter-output>
        </test-method> <!-- VerifyUserCanEditSlider -->
      </class> <!-- com.supermarket.test.ManageSliderTest -->
    </test> <!-- Default test -->
  </suite> <!-- Default suite -->
</testng-results>
