<?xml version="1.0" encoding="UTF-8"?>
<testng-results ignored="0" total="10" passed="7" failed="3" skipped="0">
  <reporter-output>
  </reporter-output>
  <suite started-at="2024-05-19T23:16:27 BST" name="Suite" finished-at="2024-05-19T23:17:08 BST" duration-ms="40818">
    <groups>
      <group name="Smoke">
        <method signature="ManageDeliveryBoyTest.verifyUserCanCreateDeliveryBoy()[pri:0, instance:com.supermarket.test.ManageDeliveryBoyTest@53f3bdbd]" name="verifyUserCanCreateDeliveryBoy" class="com.supermarket.test.ManageDeliveryBoyTest"/>
        <method signature="LoginTest.verifyUserIsAbleToLoginCredentials()[pri:0, instance:com.supermarket.test.LoginTest@3e62d773]" name="verifyUserIsAbleToLoginCredentials" class="com.supermarket.test.LoginTest"/>
      </group> <!-- Smoke -->
    </groups>
    <test started-at="2024-05-19T23:16:27 BST" name="loginTest" finished-at="2024-05-19T23:16:33 BST" duration-ms="5723">
      <class name="com.supermarket.test.LoginTest">
        <test-method is-config="true" signature="initialiseDriver(java.lang.String)[pri:0, instance:com.supermarket.test.LoginTest@3e62d773]" started-at="2024-05-19T23:16:27 BST" name="initialiseDriver" finished-at="2024-05-19T23:16:32 BST" duration-ms="4268" status="PASS">
          <params>
            <param index="0">
              <value is-null="true"/>
            </param>
          </params>
          <reporter-output>
          </reporter-output>
        </test-method> <!-- initialiseDriver -->
        <test-method signature="verifyUserIsAbleToLoginCredentials()[pri:0, instance:com.supermarket.test.LoginTest@3e62d773]" started-at="2024-05-19T23:16:32 BST" name="verifyUserIsAbleToLoginCredentials" finished-at="2024-05-19T23:16:33 BST" duration-ms="1165" status="PASS">
          <reporter-output>
          </reporter-output>
        </test-method> <!-- verifyUserIsAbleToLoginCredentials -->
        <test-method is-config="true" signature="tearDOwn()[pri:0, instance:com.supermarket.test.LoginTest@3e62d773]" started-at="2024-05-19T23:16:33 BST" name="tearDOwn" finished-at="2024-05-19T23:16:33 BST" duration-ms="207" status="PASS">
          <reporter-output>
          </reporter-output>
        </test-method> <!-- tearDOwn -->
      </class> <!-- com.supermarket.test.LoginTest -->
    </test> <!-- loginTest -->
    <test started-at="2024-05-19T23:16:27 BST" name="CreateNewsTest" finished-at="2024-05-19T23:16:42 BST" duration-ms="14627">
      <class name="com.supermarket.test.ManageNewsPageTest">
        <test-method is-config="true" signature="initialiseDriver(java.lang.String)[pri:0, instance:com.supermarket.test.ManageNewsPageTest@76b07f29]" started-at="2024-05-19T23:16:27 BST" name="initialiseDriver" finished-at="2024-05-19T23:16:32 BST" duration-ms="4231" status="PASS">
          <params>
            <param index="0">
              <value is-null="true"/>
            </param>
          </params>
          <reporter-output>
          </reporter-output>
        </test-method> <!-- initialiseDriver -->
        <test-method signature="verifyUserCanCreateNews()[pri:0, instance:com.supermarket.test.ManageNewsPageTest@76b07f29]" started-at="2024-05-19T23:16:32 BST" name="verifyUserCanCreateNews" finished-at="2024-05-19T23:16:35 BST" duration-ms="3724" status="PASS">
          <reporter-output>
          </reporter-output>
        </test-method> <!-- verifyUserCanCreateNews -->
        <test-method is-config="true" signature="tearDOwn()[pri:0, instance:com.supermarket.test.ManageNewsPageTest@76b07f29]" started-at="2024-05-19T23:16:35 BST" name="tearDOwn" finished-at="2024-05-19T23:16:35 BST" duration-ms="197" status="PASS">
          <reporter-output>
          </reporter-output>
        </test-method> <!-- tearDOwn -->
        <test-method is-config="true" signature="initialiseDriver(java.lang.String)[pri:0, instance:com.supermarket.test.ManageNewsPageTest@76b07f29]" started-at="2024-05-19T23:16:35 BST" name="initialiseDriver" finished-at="2024-05-19T23:16:39 BST" duration-ms="3407" status="PASS">
          <params>
            <param index="0">
              <value is-null="true"/>
            </param>
          </params>
          <reporter-output>
          </reporter-output>
        </test-method> <!-- initialiseDriver -->
        <test-method signature="verifyUserCanDeleteNews()[pri:0, instance:com.supermarket.test.ManageNewsPageTest@76b07f29]" started-at="2024-05-19T23:16:39 BST" name="verifyUserCanDeleteNews" finished-at="2024-05-19T23:16:42 BST" duration-ms="2799" status="PASS">
          <reporter-output>
          </reporter-output>
        </test-method> <!-- verifyUserCanDeleteNews -->
        <test-method is-config="true" signature="tearDOwn()[pri:0, instance:com.supermarket.test.ManageNewsPageTest@76b07f29]" started-at="2024-05-19T23:16:42 BST" name="tearDOwn" finished-at="2024-05-19T23:16:42 BST" duration-ms="197" status="PASS">
          <reporter-output>
          </reporter-output>
        </test-method> <!-- tearDOwn -->
      </class> <!-- com.supermarket.test.ManageNewsPageTest -->
    </test> <!-- CreateNewsTest -->
    <test started-at="2024-05-19T23:16:27 BST" name="CreateDeiveryBoyTest" finished-at="2024-05-19T23:16:42 BST" duration-ms="15117">
      <class name="com.supermarket.test.ManageDeliveryBoyTest">
        <test-method is-config="true" signature="initialiseDriver(java.lang.String)[pri:0, instance:com.supermarket.test.ManageDeliveryBoyTest@53f3bdbd]" started-at="2024-05-19T23:16:27 BST" name="initialiseDriver" finished-at="2024-05-19T23:16:32 BST" duration-ms="4347" status="PASS">
          <params>
            <param index="0">
              <value is-null="true"/>
            </param>
          </params>
          <reporter-output>
          </reporter-output>
        </test-method> <!-- initialiseDriver -->
        <test-method signature="verifyUserCanCreateDeliveryBoy()[pri:0, instance:com.supermarket.test.ManageDeliveryBoyTest@53f3bdbd]" started-at="2024-05-19T23:16:32 BST" name="verifyUserCanCreateDeliveryBoy" finished-at="2024-05-19T23:16:36 BST" duration-ms="4384" status="PASS">
          <reporter-output>
          </reporter-output>
        </test-method> <!-- verifyUserCanCreateDeliveryBoy -->
        <test-method is-config="true" signature="tearDOwn()[pri:0, instance:com.supermarket.test.ManageDeliveryBoyTest@53f3bdbd]" started-at="2024-05-19T23:16:36 BST" name="tearDOwn" finished-at="2024-05-19T23:16:36 BST" duration-ms="216" status="PASS">
          <reporter-output>
          </reporter-output>
        </test-method> <!-- tearDOwn -->
        <test-method is-config="true" signature="initialiseDriver(java.lang.String)[pri:0, instance:com.supermarket.test.ManageDeliveryBoyTest@53f3bdbd]" started-at="2024-05-19T23:16:36 BST" name="initialiseDriver" finished-at="2024-05-19T23:16:40 BST" duration-ms="3651" status="PASS">
          <params>
            <param index="0">
              <value is-null="true"/>
            </param>
          </params>
          <reporter-output>
          </reporter-output>
        </test-method> <!-- initialiseDriver -->
        <test-method signature="verifyUserCanDeleteDeliveryBoy()[pri:0, instance:com.supermarket.test.ManageDeliveryBoyTest@53f3bdbd]" started-at="2024-05-19T23:16:40 BST" name="verifyUserCanDeleteDeliveryBoy" finished-at="2024-05-19T23:16:42 BST" duration-ms="2246" status="PASS">
          <reporter-output>
          </reporter-output>
        </test-method> <!-- verifyUserCanDeleteDeliveryBoy -->
        <test-method is-config="true" signature="tearDOwn()[pri:0, instance:com.supermarket.test.ManageDeliveryBoyTest@53f3bdbd]" started-at="2024-05-19T23:16:42 BST" name="tearDOwn" finished-at="2024-05-19T23:16:42 BST" duration-ms="202" status="PASS">
          <reporter-output>
          </reporter-output>
        </test-method> <!-- tearDOwn -->
      </class> <!-- com.supermarket.test.ManageDeliveryBoyTest -->
    </test> <!-- CreateDeiveryBoyTest -->
    <test started-at="2024-05-19T23:16:33 BST" name="ManageSettingsTest" finished-at="2024-05-19T23:16:52 BST" duration-ms="19026">
      <class name="com.supermarket.test.ManageSettingsTest">
        <test-method is-config="true" signature="initialiseDriver(java.lang.String)[pri:0, instance:com.supermarket.test.ManageSettingsTest@21d03963]" started-at="2024-05-19T23:16:33 BST" name="initialiseDriver" finished-at="2024-05-19T23:16:37 BST" duration-ms="3393" status="PASS">
          <params>
            <param index="0">
              <value is-null="true"/>
            </param>
          </params>
          <reporter-output>
          </reporter-output>
        </test-method> <!-- initialiseDriver -->
        <test-method signature="createManageMenu()[pri:0, instance:com.supermarket.test.ManageSettingsTest@21d03963]" started-at="2024-05-19T23:16:37 BST" name="createManageMenu" finished-at="2024-05-19T23:16:44 BST" duration-ms="7255" status="PASS">
          <reporter-output>
          </reporter-output>
        </test-method> <!-- createManageMenu -->
        <test-method is-config="true" signature="tearDOwn()[pri:0, instance:com.supermarket.test.ManageSettingsTest@21d03963]" started-at="2024-05-19T23:16:44 BST" name="tearDOwn" finished-at="2024-05-19T23:16:44 BST" duration-ms="221" status="PASS">
          <reporter-output>
          </reporter-output>
        </test-method> <!-- tearDOwn -->
        <test-method is-config="true" signature="initialiseDriver(java.lang.String)[pri:0, instance:com.supermarket.test.ManageSettingsTest@21d03963]" started-at="2024-05-19T23:16:44 BST" name="initialiseDriver" finished-at="2024-05-19T23:16:48 BST" duration-ms="3559" status="PASS">
          <params>
            <param index="0">
              <value is-null="true"/>
            </param>
          </params>
          <reporter-output>
          </reporter-output>
        </test-method> <!-- initialiseDriver -->
        <test-method signature="verifyUserCanDeleteMenu()[pri:0, instance:com.supermarket.test.ManageSettingsTest@21d03963]" started-at="2024-05-19T23:16:48 BST" name="verifyUserCanDeleteMenu" finished-at="2024-05-19T23:16:52 BST" duration-ms="4380" status="PASS">
          <reporter-output>
          </reporter-output>
        </test-method> <!-- verifyUserCanDeleteMenu -->
        <test-method is-config="true" signature="tearDOwn()[pri:0, instance:com.supermarket.test.ManageSettingsTest@21d03963]" started-at="2024-05-19T23:16:52 BST" name="tearDOwn" finished-at="2024-05-19T23:16:52 BST" duration-ms="214" status="PASS">
          <reporter-output>
          </reporter-output>
        </test-method> <!-- tearDOwn -->
      </class> <!-- com.supermarket.test.ManageSettingsTest -->
    </test> <!-- ManageSettingsTest -->
    <test started-at="2024-05-19T23:16:42 BST" name="Test" finished-at="2024-05-19T23:17:02 BST" duration-ms="20090">
      <class name="com.supermarket.test.AddExpenceTest">
        <test-method is-config="true" signature="initialiseDriver(java.lang.String)[pri:0, instance:com.supermarket.test.AddExpenceTest@4c5ae43b]" started-at="2024-05-19T23:16:42 BST" name="initialiseDriver" finished-at="2024-05-19T23:16:45 BST" duration-ms="2983" status="PASS">
          <params>
            <param index="0">
              <value is-null="true"/>
            </param>
          </params>
          <reporter-output>
          </reporter-output>
        </test-method> <!-- initialiseDriver -->
        <test-method signature="verifyUserIsAbleToCreateExpence()[pri:0, instance:com.supermarket.test.AddExpenceTest@4c5ae43b]" started-at="2024-05-19T23:16:45 BST" name="verifyUserIsAbleToCreateExpence" finished-at="2024-05-19T23:17:02 BST" duration-ms="16746" status="FAIL">
          <exception class="org.openqa.selenium.TimeoutException">
            <message>
              <![CDATA[Expected condition failed: waiting for element to be clickable: Proxy element for: DefaultElementLocator 'By.xpath: (//*[contains(text(),'Manage Expense')])[1]' (tried for 8 second(s) with 500 milliseconds interval)]]>
            </message>
            <full-stacktrace>
              <![CDATA[org.openqa.selenium.TimeoutException: Expected condition failed: waiting for element to be clickable: Proxy element for: DefaultElementLocator 'By.xpath: (//*[contains(text(),'Manage Expense')])[1]' (tried for 8 second(s) with 500 milliseconds interval)
at org.openqa.selenium.support.ui.WebDriverWait.timeoutException(WebDriverWait.java:84)
at org.openqa.selenium.support.ui.FluentWait.until(FluentWait.java:228)
at com.supermarket.Utils.PageActions.waitUntilclickable(PageActions.java:59)
at com.supermarket.Utils.PageActions.clickElement(PageActions.java:46)
at com.supermarket.pageObjects.HomePage.navigateToManageExpence(HomePage.java:64)
at com.supermarket.test.AddExpenceTest.verifyUserIsAbleToCreateExpence(AddExpenceTest.java:16)
at java.base/jdk.internal.reflect.NativeMethodAccessorImpl.invoke0(Native Method)
at java.base/jdk.internal.reflect.NativeMethodAccessorImpl.invoke(NativeMethodAccessorImpl.java:77)
at java.base/jdk.internal.reflect.DelegatingMethodAccessorImpl.invoke(DelegatingMethodAccessorImpl.java:43)
at java.base/java.lang.reflect.Method.invoke(Method.java:568)
at org.testng.internal.invokers.MethodInvocationHelper.invokeMethod(MethodInvocationHelper.java:141)
at org.testng.internal.invokers.TestInvoker.invokeMethod(TestInvoker.java:686)
at org.testng.internal.invokers.TestInvoker.invokeTestMethod(TestInvoker.java:230)
at org.testng.internal.invokers.MethodRunner.runInSequence(MethodRunner.java:63)
at org.testng.internal.invokers.TestInvoker$MethodInvocationAgent.invoke(TestInvoker.java:992)
at org.testng.internal.invokers.TestInvoker.invokeTestMethods(TestInvoker.java:203)
at org.testng.internal.invokers.TestMethodWorker.invokeTestMethods(TestMethodWorker.java:154)
at org.testng.internal.invokers.TestMethodWorker.run(TestMethodWorker.java:134)
at java.base/java.util.ArrayList.forEach(ArrayList.java:1511)
at org.testng.TestRunner.privateRun(TestRunner.java:739)
at org.testng.TestRunner.run(TestRunner.java:614)
at org.testng.SuiteRunner.runTest(SuiteRunner.java:421)
at org.testng.SuiteRunner$SuiteWorker.run(SuiteRunner.java:463)
at org.testng.internal.thread.ThreadUtil.lambda$execute$0(ThreadUtil.java:64)
at java.base/java.util.concurrent.FutureTask.run(FutureTask.java:264)
at java.base/java.util.concurrent.ThreadPoolExecutor.runWorker(ThreadPoolExecutor.java:1136)
at java.base/java.util.concurrent.ThreadPoolExecutor$Worker.run(ThreadPoolExecutor.java:635)
at java.base/java.lang.Thread.run(Thread.java:842)
Caused by: org.openqa.selenium.NoSuchElementException: no such element: Unable to locate element: {"method":"xpath","selector":"(//*[contains(text(),'Manage Expense')])[1]"}
  (Session info: chrome=125.0.6422.60)
For documentation on this error, please visit: https://www.selenium.dev/documentation/webdriver/troubleshooting/errors#no-such-element-exception
Build info: version: '4.19.1', revision: 'abe0ee07dc'
System info: os.name: 'Windows 11', os.arch: 'amd64', os.version: '10.0', java.version: '17.0.9'
Driver info: org.openqa.selenium.chrome.ChromeDriver
Command: [61bdef7bacbde0aa64f501c638f83946, findElement {using=xpath, value=(//*[contains(text(),'Manage Expense')])[1]}]
Capabilities {acceptInsecureCerts: false, browserName: chrome, browserVersion: 125.0.6422.60, chrome: {chromedriverVersion: 125.0.6422.60 (3ac3319bff9f..., userDataDir: C:\Users\romit\AppData\Loca...}, fedcm:accounts: true, goog:chromeOptions: {debuggerAddress: localhost:49407}, networkConnectionEnabled: false, pageLoadStrategy: normal, platformName: windows, proxy: Proxy(), se:cdp: ws://localhost:49407/devtoo..., se:cdpVersion: 125.0.6422.60, setWindowRect: true, strictFileInteractability: false, timeouts: {implicit: 0, pageLoad: 300000, script: 30000}, unhandledPromptBehavior: dismiss and notify, webauthn:extension:credBlob: true, webauthn:extension:largeBlob: true, webauthn:extension:minPinLength: true, webauthn:extension:prf: true, webauthn:virtualAuthenticators: true}
Session ID: 61bdef7bacbde0aa64f501c638f83946
at java.base/jdk.internal.reflect.NativeConstructorAccessorImpl.newInstance0(Native Method)
at java.base/jdk.internal.reflect.NativeConstructorAccessorImpl.newInstance(NativeConstructorAccessorImpl.java:77)
at java.base/jdk.internal.reflect.DelegatingConstructorAccessorImpl.newInstance(DelegatingConstructorAccessorImpl.java:45)
at java.base/java.lang.reflect.Constructor.newInstanceWithCaller(Constructor.java:499)
at java.base/java.lang.reflect.Constructor.newInstance(Constructor.java:480)
at org.openqa.selenium.remote.ErrorCodec.decode(ErrorCodec.java:167)
at org.openqa.selenium.remote.codec.w3c.W3CHttpResponseCodec.decode(W3CHttpResponseCodec.java:138)
at org.openqa.selenium.remote.codec.w3c.W3CHttpResponseCodec.decode(W3CHttpResponseCodec.java:50)
at org.openqa.selenium.remote.HttpCommandExecutor.execute(HttpCommandExecutor.java:190)
at org.openqa.selenium.remote.service.DriverCommandExecutor.invokeExecute(DriverCommandExecutor.java:216)
at org.openqa.selenium.remote.service.DriverCommandExecutor.execute(DriverCommandExecutor.java:174)
at org.openqa.selenium.remote.RemoteWebDriver.execute(RemoteWebDriver.java:518)
at org.openqa.selenium.remote.ElementLocation$ElementFinder$2.findElement(ElementLocation.java:165)
at org.openqa.selenium.remote.ElementLocation.findElement(ElementLocation.java:59)
at org.openqa.selenium.remote.RemoteWebDriver.findElement(RemoteWebDriver.java:355)
at org.openqa.selenium.remote.RemoteWebDriver.findElement(RemoteWebDriver.java:349)
at org.openqa.selenium.support.pagefactory.DefaultElementLocator.findElement(DefaultElementLocator.java:68)
at org.openqa.selenium.support.pagefactory.internal.LocatingElementHandler.invoke(LocatingElementHandler.java:38)
at jdk.proxy2/jdk.proxy2.$Proxy16.isDisplayed(Unknown Source)
at org.openqa.selenium.support.ui.ExpectedConditions.elementIfVisible(ExpectedConditions.java:304)
at org.openqa.selenium.support.ui.ExpectedConditions$10.apply(ExpectedConditions.java:290)
at org.openqa.selenium.support.ui.ExpectedConditions$10.apply(ExpectedConditions.java:287)
at org.openqa.selenium.support.ui.ExpectedConditions$23.apply(ExpectedConditions.java:656)
at org.openqa.selenium.support.ui.ExpectedConditions$23.apply(ExpectedConditions.java:652)
at org.openqa.selenium.support.ui.FluentWait.until(FluentWait.java:203)
... 26 more
]]>
            </full-stacktrace>
          </exception> <!-- org.openqa.selenium.TimeoutException -->
          <reporter-output>
          </reporter-output>
        </test-method> <!-- verifyUserIsAbleToCreateExpence -->
        <test-method is-config="true" signature="tearDOwn()[pri:0, instance:com.supermarket.test.AddExpenceTest@4c5ae43b]" started-at="2024-05-19T23:17:02 BST" name="tearDOwn" finished-at="2024-05-19T23:17:02 BST" duration-ms="207" status="PASS">
          <reporter-output>
          </reporter-output>
        </test-method> <!-- tearDOwn -->
      </class> <!-- com.supermarket.test.AddExpenceTest -->
    </test> <!-- Test -->
    <test started-at="2024-05-19T23:16:27 BST" name="CreateExpenceTest" finished-at="2024-05-19T23:17:08 BST" duration-ms="40818">
      <class name="com.supermarket.test.ManageExpenceCategoryTest">
        <test-method is-config="true" signature="initialiseDriver(java.lang.String)[pri:0, instance:com.supermarket.test.ManageExpenceCategoryTest@1b919693]" started-at="2024-05-19T23:16:27 BST" name="initialiseDriver" finished-at="2024-05-19T23:16:32 BST" duration-ms="4231" status="PASS">
          <params>
            <param index="0">
              <value is-null="true"/>
            </param>
          </params>
          <reporter-output>
          </reporter-output>
        </test-method> <!-- initialiseDriver -->
        <test-method signature="verifyUserCanCreateNewExpence()[pri:0, instance:com.supermarket.test.ManageExpenceCategoryTest@1b919693]" started-at="2024-05-19T23:16:32 BST" name="verifyUserCanCreateNewExpence" finished-at="2024-05-19T23:16:48 BST" duration-ms="16762" status="FAIL">
          <exception class="org.openqa.selenium.TimeoutException">
            <message>
              <![CDATA[Expected condition failed: waiting for element to be clickable: Proxy element for: DefaultElementLocator 'By.xpath: (//*[contains(text(),'Manage Expense')])[1]' (tried for 8 second(s) with 500 milliseconds interval)]]>
            </message>
            <full-stacktrace>
              <![CDATA[org.openqa.selenium.TimeoutException: Expected condition failed: waiting for element to be clickable: Proxy element for: DefaultElementLocator 'By.xpath: (//*[contains(text(),'Manage Expense')])[1]' (tried for 8 second(s) with 500 milliseconds interval)
at org.openqa.selenium.support.ui.WebDriverWait.timeoutException(WebDriverWait.java:84)
at org.openqa.selenium.support.ui.FluentWait.until(FluentWait.java:228)
at com.supermarket.Utils.PageActions.waitUntilclickable(PageActions.java:59)
at com.supermarket.Utils.PageActions.clickElement(PageActions.java:46)
at com.supermarket.pageObjects.HomePage.navigateToExpenceCategory(HomePage.java:59)
at com.supermarket.test.ManageExpenceCategoryTest.verifyUserCanCreateNewExpence(ManageExpenceCategoryTest.java:17)
at java.base/jdk.internal.reflect.NativeMethodAccessorImpl.invoke0(Native Method)
at java.base/jdk.internal.reflect.NativeMethodAccessorImpl.invoke(NativeMethodAccessorImpl.java:77)
at java.base/jdk.internal.reflect.DelegatingMethodAccessorImpl.invoke(DelegatingMethodAccessorImpl.java:43)
at java.base/java.lang.reflect.Method.invoke(Method.java:568)
at org.testng.internal.invokers.MethodInvocationHelper.invokeMethod(MethodInvocationHelper.java:141)
at org.testng.internal.invokers.TestInvoker.invokeMethod(TestInvoker.java:686)
at org.testng.internal.invokers.TestInvoker.invokeTestMethod(TestInvoker.java:230)
at org.testng.internal.invokers.MethodRunner.runInSequence(MethodRunner.java:63)
at org.testng.internal.invokers.TestInvoker$MethodInvocationAgent.invoke(TestInvoker.java:992)
at org.testng.internal.invokers.TestInvoker.invokeTestMethods(TestInvoker.java:203)
at org.testng.internal.invokers.TestMethodWorker.invokeTestMethods(TestMethodWorker.java:154)
at org.testng.internal.invokers.TestMethodWorker.run(TestMethodWorker.java:134)
at java.base/java.util.ArrayList.forEach(ArrayList.java:1511)
at org.testng.TestRunner.privateRun(TestRunner.java:739)
at org.testng.TestRunner.run(TestRunner.java:614)
at org.testng.SuiteRunner.runTest(SuiteRunner.java:421)
at org.testng.SuiteRunner$SuiteWorker.run(SuiteRunner.java:463)
at org.testng.internal.thread.ThreadUtil.lambda$execute$0(ThreadUtil.java:64)
at java.base/java.util.concurrent.FutureTask.run(FutureTask.java:264)
at java.base/java.util.concurrent.ThreadPoolExecutor.runWorker(ThreadPoolExecutor.java:1136)
at java.base/java.util.concurrent.ThreadPoolExecutor$Worker.run(ThreadPoolExecutor.java:635)
at java.base/java.lang.Thread.run(Thread.java:842)
Caused by: org.openqa.selenium.NoSuchElementException: no such element: Unable to locate element: {"method":"xpath","selector":"(//*[contains(text(),'Manage Expense')])[1]"}
  (Session info: chrome=125.0.6422.60)
For documentation on this error, please visit: https://www.selenium.dev/documentation/webdriver/troubleshooting/errors#no-such-element-exception
Build info: version: '4.19.1', revision: 'abe0ee07dc'
System info: os.name: 'Windows 11', os.arch: 'amd64', os.version: '10.0', java.version: '17.0.9'
Driver info: org.openqa.selenium.chrome.ChromeDriver
Command: [3d8a70c6401a1c20d15062a37d251d7a, findElement {using=xpath, value=(//*[contains(text(),'Manage Expense')])[1]}]
Capabilities {acceptInsecureCerts: false, browserName: chrome, browserVersion: 125.0.6422.60, chrome: {chromedriverVersion: 125.0.6422.60 (3ac3319bff9f..., userDataDir: C:\Users\romit\AppData\Loca...}, fedcm:accounts: true, goog:chromeOptions: {debuggerAddress: localhost:49243}, networkConnectionEnabled: false, pageLoadStrategy: normal, platformName: windows, proxy: Proxy(), se:cdp: ws://localhost:49243/devtoo..., se:cdpVersion: 125.0.6422.60, setWindowRect: true, strictFileInteractability: false, timeouts: {implicit: 0, pageLoad: 300000, script: 30000}, unhandledPromptBehavior: dismiss and notify, webauthn:extension:credBlob: true, webauthn:extension:largeBlob: true, webauthn:extension:minPinLength: true, webauthn:extension:prf: true, webauthn:virtualAuthenticators: true}
Session ID: 3d8a70c6401a1c20d15062a37d251d7a
at java.base/jdk.internal.reflect.NativeConstructorAccessorImpl.newInstance0(Native Method)
at java.base/jdk.internal.reflect.NativeConstructorAccessorImpl.newInstance(NativeConstructorAccessorImpl.java:77)
at java.base/jdk.internal.reflect.DelegatingConstructorAccessorImpl.newInstance(DelegatingConstructorAccessorImpl.java:45)
at java.base/java.lang.reflect.Constructor.newInstanceWithCaller(Constructor.java:499)
at java.base/java.lang.reflect.Constructor.newInstance(Constructor.java:480)
at org.openqa.selenium.remote.ErrorCodec.decode(ErrorCodec.java:167)
at org.openqa.selenium.remote.codec.w3c.W3CHttpResponseCodec.decode(W3CHttpResponseCodec.java:138)
at org.openqa.selenium.remote.codec.w3c.W3CHttpResponseCodec.decode(W3CHttpResponseCodec.java:50)
at org.openqa.selenium.remote.HttpCommandExecutor.execute(HttpCommandExecutor.java:190)
at org.openqa.selenium.remote.service.DriverCommandExecutor.invokeExecute(DriverCommandExecutor.java:216)
at org.openqa.selenium.remote.service.DriverCommandExecutor.execute(DriverCommandExecutor.java:174)
at org.openqa.selenium.remote.RemoteWebDriver.execute(RemoteWebDriver.java:518)
at org.openqa.selenium.remote.ElementLocation$ElementFinder$2.findElement(ElementLocation.java:165)
at org.openqa.selenium.remote.ElementLocation.findElement(ElementLocation.java:59)
at org.openqa.selenium.remote.RemoteWebDriver.findElement(RemoteWebDriver.java:355)
at org.openqa.selenium.remote.RemoteWebDriver.findElement(RemoteWebDriver.java:349)
at org.openqa.selenium.support.pagefactory.DefaultElementLocator.findElement(DefaultElementLocator.java:68)
at org.openqa.selenium.support.pagefactory.internal.LocatingElementHandler.invoke(LocatingElementHandler.java:38)
at jdk.proxy2/jdk.proxy2.$Proxy16.isDisplayed(Unknown Source)
at org.openqa.selenium.support.ui.ExpectedConditions.elementIfVisible(ExpectedConditions.java:304)
at org.openqa.selenium.support.ui.ExpectedConditions$10.apply(ExpectedConditions.java:290)
at org.openqa.selenium.support.ui.ExpectedConditions$10.apply(ExpectedConditions.java:287)
at org.openqa.selenium.support.ui.ExpectedConditions$23.apply(ExpectedConditions.java:656)
at org.openqa.selenium.support.ui.ExpectedConditions$23.apply(ExpectedConditions.java:652)
at org.openqa.selenium.support.ui.FluentWait.until(FluentWait.java:203)
... 26 more
]]>
            </full-stacktrace>
          </exception> <!-- org.openqa.selenium.TimeoutException -->
          <reporter-output>
          </reporter-output>
        </test-method> <!-- verifyUserCanCreateNewExpence -->
        <test-method is-config="true" signature="tearDOwn()[pri:0, instance:com.supermarket.test.ManageExpenceCategoryTest@1b919693]" started-at="2024-05-19T23:16:48 BST" name="tearDOwn" finished-at="2024-05-19T23:16:49 BST" duration-ms="229" status="PASS">
          <reporter-output>
          </reporter-output>
        </test-method> <!-- tearDOwn -->
        <test-method is-config="true" signature="initialiseDriver(java.lang.String)[pri:0, instance:com.supermarket.test.ManageExpenceCategoryTest@1b919693]" started-at="2024-05-19T23:16:49 BST" name="initialiseDriver" finished-at="2024-05-19T23:16:52 BST" duration-ms="3336" status="PASS">
          <params>
            <param index="0">
              <value is-null="true"/>
            </param>
          </params>
          <reporter-output>
          </reporter-output>
        </test-method> <!-- initialiseDriver -->
        <test-method signature="verifyUserCanDeleteExpence()[pri:0, instance:com.supermarket.test.ManageExpenceCategoryTest@1b919693]" started-at="2024-05-19T23:16:52 BST" name="verifyUserCanDeleteExpence" finished-at="2024-05-19T23:17:08 BST" duration-ms="15652" status="FAIL">
          <exception class="org.openqa.selenium.TimeoutException">
            <message>
              <![CDATA[Expected condition failed: waiting for element to be clickable: Proxy element for: DefaultElementLocator 'By.xpath: (//*[@class='fas fa-trash-alt'])[1]' (tried for 8 second(s) with 500 milliseconds interval)]]>
            </message>
            <full-stacktrace>
              <![CDATA[org.openqa.selenium.TimeoutException: Expected condition failed: waiting for element to be clickable: Proxy element for: DefaultElementLocator 'By.xpath: (//*[@class='fas fa-trash-alt'])[1]' (tried for 8 second(s) with 500 milliseconds interval)
at org.openqa.selenium.support.ui.WebDriverWait.timeoutException(WebDriverWait.java:84)
at org.openqa.selenium.support.ui.FluentWait.until(FluentWait.java:228)
at com.supermarket.Utils.PageActions.waitUntilclickable(PageActions.java:59)
at com.supermarket.Utils.PageActions.clickElement(PageActions.java:46)
at com.supermarket.pageObjects.ExpenceCategoryPage.deleteExpence(ExpenceCategoryPage.java:48)
at com.supermarket.test.ManageExpenceCategoryTest.verifyUserCanDeleteExpence(ManageExpenceCategoryTest.java:29)
at java.base/jdk.internal.reflect.NativeMethodAccessorImpl.invoke0(Native Method)
at java.base/jdk.internal.reflect.NativeMethodAccessorImpl.invoke(NativeMethodAccessorImpl.java:77)
at java.base/jdk.internal.reflect.DelegatingMethodAccessorImpl.invoke(DelegatingMethodAccessorImpl.java:43)
at java.base/java.lang.reflect.Method.invoke(Method.java:568)
at org.testng.internal.invokers.MethodInvocationHelper.invokeMethod(MethodInvocationHelper.java:141)
at org.testng.internal.invokers.TestInvoker.invokeMethod(TestInvoker.java:686)
at org.testng.internal.invokers.TestInvoker.invokeTestMethod(TestInvoker.java:230)
at org.testng.internal.invokers.MethodRunner.runInSequence(MethodRunner.java:63)
at org.testng.internal.invokers.TestInvoker$MethodInvocationAgent.invoke(TestInvoker.java:992)
at org.testng.internal.invokers.TestInvoker.invokeTestMethods(TestInvoker.java:203)
at org.testng.internal.invokers.TestMethodWorker.invokeTestMethods(TestMethodWorker.java:154)
at org.testng.internal.invokers.TestMethodWorker.run(TestMethodWorker.java:134)
at java.base/java.util.ArrayList.forEach(ArrayList.java:1511)
at org.testng.TestRunner.privateRun(TestRunner.java:739)
at org.testng.TestRunner.run(TestRunner.java:614)
at org.testng.SuiteRunner.runTest(SuiteRunner.java:421)
at org.testng.SuiteRunner$SuiteWorker.run(SuiteRunner.java:463)
at org.testng.internal.thread.ThreadUtil.lambda$execute$0(ThreadUtil.java:64)
at java.base/java.util.concurrent.FutureTask.run(FutureTask.java:264)
at java.base/java.util.concurrent.ThreadPoolExecutor.runWorker(ThreadPoolExecutor.java:1136)
at java.base/java.util.concurrent.ThreadPoolExecutor$Worker.run(ThreadPoolExecutor.java:635)
at java.base/java.lang.Thread.run(Thread.java:842)
Caused by: org.openqa.selenium.NoSuchElementException: no such element: Unable to locate element: {"method":"xpath","selector":"(//*[@class='fas fa-trash-alt'])[1]"}
  (Session info: chrome=125.0.6422.60)
For documentation on this error, please visit: https://www.selenium.dev/documentation/webdriver/troubleshooting/errors#no-such-element-exception
Build info: version: '4.19.1', revision: 'abe0ee07dc'
System info: os.name: 'Windows 11', os.arch: 'amd64', os.version: '10.0', java.version: '17.0.9'
Driver info: org.openqa.selenium.chrome.ChromeDriver
Command: [0c39ac6d9325d06abee0d00ac2c3792e, findElement {using=xpath, value=(//*[@class='fas fa-trash-alt'])[1]}]
Capabilities {acceptInsecureCerts: false, browserName: chrome, browserVersion: 125.0.6422.60, chrome: {chromedriverVersion: 125.0.6422.60 (3ac3319bff9f..., userDataDir: C:\Users\romit\AppData\Loca...}, fedcm:accounts: true, goog:chromeOptions: {debuggerAddress: localhost:49456}, networkConnectionEnabled: false, pageLoadStrategy: normal, platformName: windows, proxy: Proxy(), se:cdp: ws://localhost:49456/devtoo..., se:cdpVersion: 125.0.6422.60, setWindowRect: true, strictFileInteractability: false, timeouts: {implicit: 0, pageLoad: 300000, script: 30000}, unhandledPromptBehavior: dismiss and notify, webauthn:extension:credBlob: true, webauthn:extension:largeBlob: true, webauthn:extension:minPinLength: true, webauthn:extension:prf: true, webauthn:virtualAuthenticators: true}
Session ID: 0c39ac6d9325d06abee0d00ac2c3792e
at java.base/jdk.internal.reflect.NativeConstructorAccessorImpl.newInstance0(Native Method)
at java.base/jdk.internal.reflect.NativeConstructorAccessorImpl.newInstance(NativeConstructorAccessorImpl.java:77)
at java.base/jdk.internal.reflect.DelegatingConstructorAccessorImpl.newInstance(DelegatingConstructorAccessorImpl.java:45)
at java.base/java.lang.reflect.Constructor.newInstanceWithCaller(Constructor.java:499)
at java.base/java.lang.reflect.Constructor.newInstance(Constructor.java:480)
at org.openqa.selenium.remote.ErrorCodec.decode(ErrorCodec.java:167)
at org.openqa.selenium.remote.codec.w3c.W3CHttpResponseCodec.decode(W3CHttpResponseCodec.java:138)
at org.openqa.selenium.remote.codec.w3c.W3CHttpResponseCodec.decode(W3CHttpResponseCodec.java:50)
at org.openqa.selenium.remote.HttpCommandExecutor.execute(HttpCommandExecutor.java:190)
at org.openqa.selenium.remote.service.DriverCommandExecutor.invokeExecute(DriverCommandExecutor.java:216)
at org.openqa.selenium.remote.service.DriverCommandExecutor.execute(DriverCommandExecutor.java:174)
at org.openqa.selenium.remote.RemoteWebDriver.execute(RemoteWebDriver.java:518)
at org.openqa.selenium.remote.ElementLocation$ElementFinder$2.findElement(ElementLocation.java:165)
at org.openqa.selenium.remote.ElementLocation.findElement(ElementLocation.java:59)
at org.openqa.selenium.remote.RemoteWebDriver.findElement(RemoteWebDriver.java:355)
at org.openqa.selenium.remote.RemoteWebDriver.findElement(RemoteWebDriver.java:349)
at org.openqa.selenium.support.pagefactory.DefaultElementLocator.findElement(DefaultElementLocator.java:68)
at org.openqa.selenium.support.pagefactory.internal.LocatingElementHandler.invoke(LocatingElementHandler.java:38)
at jdk.proxy2/jdk.proxy2.$Proxy16.isDisplayed(Unknown Source)
at org.openqa.selenium.support.ui.ExpectedConditions.elementIfVisible(ExpectedConditions.java:304)
at org.openqa.selenium.support.ui.ExpectedConditions$10.apply(ExpectedConditions.java:290)
at org.openqa.selenium.support.ui.ExpectedConditions$10.apply(ExpectedConditions.java:287)
at org.openqa.selenium.support.ui.ExpectedConditions$23.apply(ExpectedConditions.java:656)
at org.openqa.selenium.support.ui.ExpectedConditions$23.apply(ExpectedConditions.java:652)
at org.openqa.selenium.support.ui.FluentWait.until(FluentWait.java:203)
... 26 more
]]>
            </full-stacktrace>
          </exception> <!-- org.openqa.selenium.TimeoutException -->
          <reporter-output>
          </reporter-output>
        </test-method> <!-- verifyUserCanDeleteExpence -->
        <test-method is-config="true" signature="tearDOwn()[pri:0, instance:com.supermarket.test.ManageExpenceCategoryTest@1b919693]" started-at="2024-05-19T23:17:08 BST" name="tearDOwn" finished-at="2024-05-19T23:17:08 BST" duration-ms="218" status="PASS">
          <reporter-output>
          </reporter-output>
        </test-method> <!-- tearDOwn -->
      </class> <!-- com.supermarket.test.ManageExpenceCategoryTest -->
    </test> <!-- CreateExpenceTest -->
  </suite> <!-- Suite -->
</testng-results>
